{"type":"keysnap","file":"melody-with-bass_keysnap_k5_major_tr+0.wav","data":{"src":"melody-with-bass.wav","targetKey":5,"scale":"major","shift":0},"ts":1757694953748}
{"type":"keysnap","file":"drum-beat_keysnap_k0_major_tr+0.wav","data":{"src":"drum-beat.wav","targetKey":0,"scale":"major","shift":0},"ts":1757700937065}
{"type":"test_event","sessionId":null,"file":"drum-beat.wav","data":null,"ts":1757700937162}
{"type":"test_event_2","sessionId":null,"file":null,"data":null,"ts":1757700969857}
{"type":"keysnap","file":"melody-with-bass_keysnap_k9_minor_tr+0.wav","data":{"src":"melody-with-bass.wav","targetKey":9,"scale":"minor","shift":0},"ts":1757708378855}
{"type":"keysnap","file":"melody-with-bass_keysnap_k9_minor_tr+0.wav","data":{"src":"melody-with-bass.wav","targetKey":9,"scale":"minor","shift":0},"ts":1757708821057}
{"type":"remix_submit","file":"test.wav","data":{"expId":"exp_1757728102997"},"ts":1757728103264}
{"type":"bi_ui_trends","sessionId":null,"file":null,"data":{"days":30},"ts":1757737730168}
{"type":"bi_ui_audience","sessionId":null,"file":null,"data":{"days":30},"ts":1757737731749}
{"type":"bi_ui_roi","sessionId":null,"file":null,"data":{"days":30},"ts":1757737737791}
{"type":"music_search","file":null,"data":{"provider":"itunes","term":"daft punk","count":2},"ts":1757785670092}
{"type":"mix_create","file":"mix_drum-beat__to__simple-synth_cf4s.wav","data":{"fileA":"drum-beat.wav","fileB":"simple-synth.wav","durationSec":4},"ts":1757786002419}
{"type":"fingerprint_create","file":"drum-beat.wav","ts":1757786016351}
{"type":"fingerprint_create","file":"simple-synth.wav","ts":1757786050576}
{"type":"copyright_check","file":null,"data":{"fileA":"drum-beat.wav","fileB":"simple-synth.wav","sim":0.3896,"thr":0.9},"ts":1757786074841}
{"type":"mix_create_urls","file":"mix_dl_1757786139437_0_sample1__to__dl_1757786358090_1_sample2_cf4s.wav","data":{"urlA":"https://filesamples.com/samples/audio/wav/sample1.wav","urlB":"https://filesamples.com/samples/audio/wav/sample2.wav","durationSec":4},"ts":1757786807198}
{"type":"mix_create_urls","file":"mix_dl_1757787446780_0_drum-beat__to__dl_1757787446812_1_simple-synth_cf2s.wav","data":{"urlA":"http://127.0.0.1:3001/output/drum-beat.wav","urlB":"http://127.0.0.1:3001/output/simple-synth.wav","durationSec":2},"ts":1757787447174}
{"type":"library_download","file":"dl_local_synth_1757788880776.wav","data":{"url":"http://127.0.0.1:3001/output/simple-synth.wav"},"ts":1757788880786}
{"type":"fingerprint_create","file":"dl_local_synth_1757788880776.wav","ts":1757788969782}
{"type":"copyright_check","file":null,"data":{"fileA":"simple-synth.wav","fileB":"dl_local_synth_1757788880776.wav","sim":1,"thr":0.95},"ts":1757789145977}
{"type":"music_search","file":null,"data":{"provider":"itunes","term":"lofi","count":6},"ts":1757789371528}
{"type":"copyright_check","file":null,"data":{"fileA":"drum-beat.wav","fileB":"simple-synth.wav","sim":0.3445,"thr":0.95},"ts":1757789429100}
{"type":"credits_list","file":null,"data":{"count":0},"ts":1758171028320}
{"type":"credits_list","file":null,"data":{"count":0},"ts":1758171102269}
{"type":"credits_list","file":null,"data":{"count":1},"ts":1758171296736}
{"type":"credits_get","file":"artista-y-tema-x.json","ts":1758171296953}
{"type":"credits_list","file":null,"data":{"count":1},"ts":1758171374122}
{"type":"credits_get","file":"artista-y-tema-x.json","ts":1758171374287}
{"type":"epk_generate","file":"artista-y-tema-x.html","ts":1758171374354}
{"type":"credits_list","file":null,"data":{"count":1},"ts":1758171394523}
{"type":"credits_list","file":null,"data":{"count":1},"ts":1758171426144}
{"type":"credits_get","file":"artista-y-tema-x.json","ts":1758171426397}
